[debug] [2020-03-25T20:56:00.249Z] ----------------------------------------------------------------------
[debug] [2020-03-25T20:56:00.250Z] Command:       /usr/local/bin/node /usr/local/bin/firebase serve
[debug] [2020-03-25T20:56:00.251Z] CLI Version:   7.16.1
[debug] [2020-03-25T20:56:00.251Z] Platform:      darwin
[debug] [2020-03-25T20:56:00.251Z] Node Version:  v10.15.3
[debug] [2020-03-25T20:56:00.251Z] Time:          Wed Mar 25 2020 13:56:00 GMT-0700 (Pacific Daylight Time)
[debug] [2020-03-25T20:56:00.251Z] ----------------------------------------------------------------------
[debug] [2020-03-25T20:56:00.251Z] 
[debug] [2020-03-25T20:56:00.260Z] > command requires scopes: ["email","openid","https://www.googleapis.com/auth/cloudplatformprojects.readonly","https://www.googleapis.com/auth/firebase","https://www.googleapis.com/auth/cloud-platform"]
[debug] [2020-03-25T20:56:00.260Z] > authorizing via signed-in user
[debug] [2020-03-25T20:56:00.260Z] [iam] checking project lego-3ce40 for permissions ["firebase.projects.get"]
[debug] [2020-03-25T20:56:00.263Z] >>> HTTP REQUEST POST https://cloudresourcemanager.googleapis.com/v1/projects/lego-3ce40:testIamPermissions  

[debug] [2020-03-25T20:56:00.821Z] <<< HTTP RESPONSE 200
[debug] [2020-03-25T20:56:00.823Z] >>> HTTP REQUEST GET https://firebase.googleapis.com/v1beta1/projects/lego-3ce40  
 
[debug] [2020-03-25T20:56:01.142Z] <<< HTTP RESPONSE 200
[info] 
[info] === Serving from '/Users/apottaba/Desktop/restaurant-onboarding'...
[info] 
[debug] [2020-03-25T20:56:01.145Z] >>> HTTP REQUEST GET https://firebase.googleapis.com/v1beta1/projects/lego-3ce40/webApps/-/config  
 
[debug] [2020-03-25T20:56:01.536Z] <<< HTTP RESPONSE 200
[info] i  hosting[lego-3ce40]: Serving hosting files from: public
[info] ✔  hosting[lego-3ce40]: Local server: http://localhost:5000
